<?xml version="1.0" encoding="UTF-8"?>
<testsuite name="com.example.eventlottery.models.RegistrationTest" tests="4" skipped="0" failures="0" errors="0" timestamp="2026-04-04T21:28:38" hostname="LAPTOP-2L7798LA" time="0.003">
  <properties/>
  <testcase name="testStatusConstants" classname="com.example.eventlottery.models.RegistrationTest" time="0.001"/>
  <testcase name="testParameterizedConstructor" classname="com.example.eventlottery.models.RegistrationTest" time="0.0"/>
  <testcase name="testGeoVerifiedAlias" classname="com.example.eventlottery.models.RegistrationTest" time="0.0"/>
  <testcase name="testDefaultConstructor" classname="com.example.eventlottery.models.RegistrationTest" time="0.001"/>
  <system-out><![CDATA[]]></system-out>
  <system-err><![CDATA[]]></system-err>
</testsuite>
