<?xml version="1.0" encoding="UTF-8"?>
<testsuite name="com.example.eventlottery.models.EventTest" tests="3" skipped="0" failures="0" errors="0" timestamp="2026-04-04T20:26:58" hostname="LAPTOP-2L7798LA" time="0.003">
  <properties/>
  <testcase name="testGetFormattedPrice" classname="com.example.eventlottery.models.EventTest" time="0.002"/>
  <testcase name="testIsRegistrationOpen" classname="com.example.eventlottery.models.EventTest" time="0.0"/>
  <testcase name="testGetDaysLeftToRegister" classname="com.example.eventlottery.models.EventTest" time="0.0"/>
  <system-out><![CDATA[]]></system-out>
  <system-err><![CDATA[]]></system-err>
</testsuite>
