<?xml version="1.0" encoding="UTF-8"?>
<testsuite name="com.example.eventlottery.models.UserTest" tests="4" skipped="0" failures="0" errors="0" timestamp="2026-04-04T21:28:38" hostname="LAPTOP-2L7798LA" time="0.002">
  <properties/>
  <testcase name="testNameLowercase" classname="com.example.eventlottery.models.UserTest" time="0.001"/>
  <testcase name="testHasRole" classname="com.example.eventlottery.models.UserTest" time="0.0"/>
  <testcase name="testGetInitials" classname="com.example.eventlottery.models.UserTest" time="0.001"/>
  <testcase name="testConstructor" classname="com.example.eventlottery.models.UserTest" time="0.0"/>
  <system-out><![CDATA[]]></system-out>
  <system-err><![CDATA[]]></system-err>
</testsuite>
