<?xml version="1.0" encoding="UTF-8"?>
<testsuite name="com.example.eventlottery.models.AppNotificationTest" tests="2" skipped="0" failures="0" errors="0" timestamp="2026-04-04T21:28:38" hostname="LAPTOP-2L7798LA" time="0.008">
  <properties/>
  <testcase name="testGetRelativeTime" classname="com.example.eventlottery.models.AppNotificationTest" time="0.006"/>
  <testcase name="testConstructor" classname="com.example.eventlottery.models.AppNotificationTest" time="0.001"/>
  <system-out><![CDATA[]]></system-out>
  <system-err><![CDATA[]]></system-err>
</testsuite>
