<?xml version="1.0" encoding="UTF-8"?>
<testsuite name="com.example.eventlottery.utils.QRCodeHelperTest" tests="2" skipped="0" failures="0" errors="0" timestamp="2026-04-04T20:26:58" hostname="LAPTOP-2L7798LA" time="0.002">
  <properties/>
  <testcase name="testBuildEventDeepLink" classname="com.example.eventlottery.utils.QRCodeHelperTest" time="0.002"/>
  <testcase name="testExtractEventId" classname="com.example.eventlottery.utils.QRCodeHelperTest" time="0.0"/>
  <system-out><![CDATA[]]></system-out>
  <system-err><![CDATA[]]></system-err>
</testsuite>
