<?xml version="1.0" encoding="UTF-8"?>
<testsuite name="com.example.eventlottery.utils.DateUtilsTest" tests="3" skipped="0" failures="0" errors="0" timestamp="2026-04-04T20:26:58" hostname="LAPTOP-2L7798LA" time="0.002">
  <properties/>
  <testcase name="testFormatRelative" classname="com.example.eventlottery.utils.DateUtilsTest" time="0.001"/>
  <testcase name="testFormatDate" classname="com.example.eventlottery.utils.DateUtilsTest" time="0.001"/>
  <testcase name="testDaysUntil" classname="com.example.eventlottery.utils.DateUtilsTest" time="0.0"/>
  <system-out><![CDATA[]]></system-out>
  <system-err><![CDATA[]]></system-err>
</testsuite>
