<?xml version='1.0' encoding='UTF-8' ?>
<testsuite name="com.example.eventlottery.activities.CreateEventActivityTest" tests="4" failures="0" errors="0" skipped="0" time="6.459" timestamp="2026-04-04T20:26:34" hostname="localhost">
  <properties>
    <property name="device" value="Medium_Phone_API_36.1(AVD) - 16" />
    <property name="flavor" value="" />
    <property name="project" value=":app" />
  </properties>
  <testcase name="testCreateEventViews" classname="com.example.eventlottery.activities.CreateEventActivityTest" time="2.479" />
  <testcase name="testNavigationElements" classname="com.example.eventlottery.activities.EntrantMainActivityTest" time="1.281" />
  <testcase name="testLoginScreenViews" classname="com.example.eventlottery.activities.LoginActivityTest" time="0.828" />
  <testcase name="testProfileViews" classname="com.example.eventlottery.activities.ProfileActivityTest" time="0.776" />
</testsuite>